<?xml version="1.0" encoding="UTF-8" ?>
<testsuite tests="55" failures="0" name="org.apache.commons.lang3.ArrayUtilsRemoveMultipleTest" time="0.007" errors="0" skipped="0">
  <properties>
[...]
</properties>
  <testcase classname="org.apache.commons.lang3.ArrayUtilsRemoveMultipleTest" name="testRemoveAllBooleanArray" time="0"/>
  <testcase classname="org.apache.commons.lang3.ArrayUtilsRemoveMultipleTest" name="testRemoveAllNullShortArray" time="0"/>
  <testcase classname="org.apache.commons.lang3.ArrayUtilsRemoveMultipleTest" name="testRemoveElementsObjectArray" time="0.001"/>
  <testcase classname="org.apache.commons.lang3.ArrayUtilsRemoveMultipleTest" name="testRemoveAllFloatArrayNegativeIndex" time="0"/>
  <testcase classname="org.apache.commons.lang3.ArrayUtilsRemoveMultipleTest" name="testRemoveAllByteArrayRemoveNone" time="0.002"/>
  <testcase classname="org.apache.commons.lang3.ArrayUtilsRemoveMultipleTest" name="testRemoveAllIntArrayRemoveNone" time="0"/>
  <testcase classname="org.apache.commons.lang3.ArrayUtilsRemoveMultipleTest" name="testRemoveAllLongArrayOutOfBoundsIndex" time="0"/>
  <testcase classname="org.apache.commons.lang3.ArrayUtilsRemoveMultipleTest" name="testRemoveAllShortArrayNegativeIndex" time="0"/>
  <testcase classname="org.apache.commons.lang3.ArrayUtilsRemoveMultipleTest" name="testRemoveAllObjectArrayOutOfBoundsIndex" time="0.001"/>
  <testcase classname="org.apache.commons.lang3.ArrayUtilsRemoveMultipleTest" name="testRemoveAllDoubleArrayRemoveNone" time="0"/>
  <testcase classname="org.apache.commons.lang3.ArrayUtilsRemoveMultipleTest" name="testRemoveAllNullByteArray" time="0"/>
  <testcase classname="org.apache.commons.lang3.ArrayUtilsRemoveMultipleTest" name="testRemoveElementLongArray" time="0"/>
  <testcase classname="org.apache.commons.lang3.ArrayUtilsRemoveMultipleTest" name="testRemoveAllNullDoubleArray" time="0"/>
  <testcase classname="org.apache.commons.lang3.ArrayUtilsRemoveMultipleTest" name="testRemoveAllDoubleArrayOutOfBoundsIndex" time="0"/>
  <testcase classname="org.apache.commons.lang3.ArrayUtilsRemoveMultipleTest" name="testRemoveAllNullObjectArray" time="0"/>
  <testcase classname="org.apache.commons.lang3.ArrayUtilsRemoveMultipleTest" name="testRemoveAllCharArrayRemoveNone" time="0"/>
  <testcase classname="org.apache.commons.lang3.ArrayUtilsRemoveMultipleTest" name="testRemoveAllLongArrayRemoveNone" time="0"/>
  <testcase classname="org.apache.commons.lang3.ArrayUtilsRemoveMultipleTest" name="testRemoveAllObjectArrayNegativeIndex" time="0"/>
  <testcase classname="org.apache.commons.lang3.ArrayUtilsRemoveMultipleTest" name="testRemoveAllShortArrayOutOfBoundsIndex" time="0"/>
  <testcase classname="org.apache.commons.lang3.ArrayUtilsRemoveMultipleTest" name="testRemoveElementBooleanArray" time="0"/>
  <testcase classname="org.apache.commons.lang3.ArrayUtilsRemoveMultipleTest" name="testRemoveAllShortArrayRemoveNone" time="0.001"/>
  <testcase classname="org.apache.commons.lang3.ArrayUtilsRemoveMultipleTest" name="testRemoveAllNumberArray" time="0"/>
  <testcase classname="org.apache.commons.lang3.ArrayUtilsRemoveMultipleTest" name="testRemoveAllCharArray" time="0"/>
  <testcase classname="org.apache.commons.lang3.ArrayUtilsRemoveMultipleTest" name="testRemoveAllFloatArrayOutOfBoundsIndex" time="0"/>
  <testcase classname="org.apache.commons.lang3.ArrayUtilsRemoveMultipleTest" name="testRemoveAllShortArray" time="0"/>
  <testcase classname="org.apache.commons.lang3.ArrayUtilsRemoveMultipleTest" name="testRemoveAllNullBooleanArray" time="0"/>
  <testcase classname="org.apache.commons.lang3.ArrayUtilsRemoveMultipleTest" name="testRemoveAllNullIntArray" time="0"/>
  <testcase classname="org.apache.commons.lang3.ArrayUtilsRemoveMultipleTest" name="testRemoveElementFloatArray" time="0"/>
  <testcase classname="org.apache.commons.lang3.ArrayUtilsRemoveMultipleTest" name="testRemoveAllFloatArrayRemoveNone" time="0"/>
  <testcase classname="org.apache.commons.lang3.ArrayUtilsRemoveMultipleTest" name="testRemoveElementIntArray" time="0"/>
  <testcase classname="org.apache.commons.lang3.ArrayUtilsRemoveMultipleTest" name="testRemoveAllNullFloatArray" time="0"/>
  <testcase classname="org.apache.commons.lang3.ArrayUtilsRemoveMultipleTest" name="testRemoveAllBooleanArrayOutOfBoundsIndex" time="0"/>
  <testcase classname="org.apache.commons.lang3.ArrayUtilsRemoveMultipleTest" name="testRemoveAllByteArrayOutOfBoundsIndex" time="0"/>
  <testcase classname="org.apache.commons.lang3.ArrayUtilsRemoveMultipleTest" name="testRemoveAllByteArray" time="0"/>
  <testcase classname="org.apache.commons.lang3.ArrayUtilsRemoveMultipleTest" name="testRemoveElementCharArray" time="0"/>
  <testcase classname="org.apache.commons.lang3.ArrayUtilsRemoveMultipleTest" name="testRemoveAllCharArrayOutOfBoundsIndex" time="0"/>
  <testcase classname="org.apache.commons.lang3.ArrayUtilsRemoveMultipleTest" name="testRemoveAllLongArrayNegativeIndex" time="0"/>
  <testcase classname="org.apache.commons.lang3.ArrayUtilsRemoveMultipleTest" name="testRemoveAllCharArrayNegativeIndex" time="0"/>
  <testcase classname="org.apache.commons.lang3.ArrayUtilsRemoveMultipleTest" name="testRemoveAllIntArray" time="0"/>
  <testcase classname="org.apache.commons.lang3.ArrayUtilsRemoveMultipleTest" name="testRemoveAllByteArrayNegativeIndex" time="0"/>
  <testcase classname="org.apache.commons.lang3.ArrayUtilsRemoveMultipleTest" name="testRemoveAllNullLongArray" time="0"/>
  <testcase classname="org.apache.commons.lang3.ArrayUtilsRemoveMultipleTest" name="testRemoveAllIntArrayOutOfBoundsIndex" time="0"/>
  <testcase classname="org.apache.commons.lang3.ArrayUtilsRemoveMultipleTest" name="testRemoveElementByteArray" time="0.001"/>
  <testcase classname="org.apache.commons.lang3.ArrayUtilsRemoveMultipleTest" name="testRemoveAllBooleanArrayNegativeIndex" time="0"/>
  <testcase classname="org.apache.commons.lang3.ArrayUtilsRemoveMultipleTest" name="testRemoveAllObjectArrayRemoveNone" time="0"/>
  <testcase classname="org.apache.commons.lang3.ArrayUtilsRemoveMultipleTest" name="testRemoveAllDoubleArray" time="0"/>
  <testcase classname="org.apache.commons.lang3.ArrayUtilsRemoveMultipleTest" name="testRemoveAllBooleanArrayRemoveNone" time="0"/>
  <testcase classname="org.apache.commons.lang3.ArrayUtilsRemoveMultipleTest" name="testRemoveAllFloatArray" time="0"/>
  <testcase classname="org.apache.commons.lang3.ArrayUtilsRemoveMultipleTest" name="testRemoveAllObjectArray" time="0"/>
  <testcase classname="org.apache.commons.lang3.ArrayUtilsRemoveMultipleTest" name="testRemoveAllIntArrayNegativeIndex" time="0"/>
  <testcase classname="org.apache.commons.lang3.ArrayUtilsRemoveMultipleTest" name="testRemoveAllDoubleArrayNegativeIndex" time="0"/>
  <testcase classname="org.apache.commons.lang3.ArrayUtilsRemoveMultipleTest" name="testRemoveElementDoubleArray" time="0"/>
  <testcase classname="org.apache.commons.lang3.ArrayUtilsRemoveMultipleTest" name="testRemoveAllNullCharArray" time="0"/>
  <testcase classname="org.apache.commons.lang3.ArrayUtilsRemoveMultipleTest" name="testRemoveElementShortArray" time="0.001"/>
  <testcase classname="org.apache.commons.lang3.ArrayUtilsRemoveMultipleTest" name="testRemoveAllLongArray" time="0"/>
</testsuite>