<?xml version="1.0" encoding="UTF-8" ?>
<testsuite tests="8" failures="0" name="org.apache.commons.lang3.text.ExtendedMessageFormatTest" time="0.13" errors="6" skipped="0">
  <properties>
[...]
</properties>
  <testcase classname="org.apache.commons.lang3.text.ExtendedMessageFormatTest" name="testBuiltInDateTimeFormat" time="0.089">
    <error message="Cannot invoke &quot;org.apache.commons.lang3.JavaVersion.atLeast(org.apache.commons.lang3.JavaVersion)&quot; because &quot;org.apache.commons.lang3.SystemUtils.JAVA_SPECIFICATION_VERSION_AS_ENUM&quot; is null" type="java.lang.NullPointerException">java.lang.NullPointerException: Cannot invoke &quot;org.apache.commons.lang3.JavaVersion.atLeast(org.apache.commons.lang3.JavaVersion)&quot; because &quot;org.apache.commons.lang3.SystemUtils.JAVA_SPECIFICATION_VERSION_AS_ENUM&quot; is null
	at org.apache.commons.lang3.SystemUtils.isJavaVersionAtLeast(SystemUtils.java:1388)
	at org.apache.commons.lang3.text.ExtendedMessageFormatTest.assertPatternsEqual(ExtendedMessageFormatTest.java:361)
	at org.apache.commons.lang3.text.ExtendedMessageFormatTest.checkBuiltInFormat(ExtendedMessageFormatTest.java:356)
	at org.apache.commons.lang3.text.ExtendedMessageFormatTest.checkBuiltInFormat(ExtendedMessageFormatTest.java:326)
	at org.apache.commons.lang3.text.ExtendedMessageFormatTest.checkBuiltInFormat(ExtendedMessageFormatTest.java:315)
	at org.apache.commons.lang3.text.ExtendedMessageFormatTest.testBuiltInDateTimeFormat(ExtendedMessageFormatTest.java:211)
</error>
  </testcase>
  <testcase classname="org.apache.commons.lang3.text.ExtendedMessageFormatTest" name="testEqualsHashcode" time="0.009"/>
  <testcase classname="org.apache.commons.lang3.text.ExtendedMessageFormatTest" name="testOverriddenBuiltinFormat" time="0.008">
    <error message="Cannot invoke &quot;org.apache.commons.lang3.JavaVersion.atLeast(org.apache.commons.lang3.JavaVersion)&quot; because &quot;org.apache.commons.lang3.SystemUtils.JAVA_SPECIFICATION_VERSION_AS_ENUM&quot; is null" type="java.lang.NullPointerException">java.lang.NullPointerException: Cannot invoke &quot;org.apache.commons.lang3.JavaVersion.atLeast(org.apache.commons.lang3.JavaVersion)&quot; because &quot;org.apache.commons.lang3.SystemUtils.JAVA_SPECIFICATION_VERSION_AS_ENUM&quot; is null
	at org.apache.commons.lang3.SystemUtils.isJavaVersionAtLeast(SystemUtils.java:1388)
	at org.apache.commons.lang3.text.ExtendedMessageFormatTest.assertPatternsEqual(ExtendedMessageFormatTest.java:361)
	at org.apache.commons.lang3.text.ExtendedMessageFormatTest.checkBuiltInFormat(ExtendedMessageFormatTest.java:356)
	at org.apache.commons.lang3.text.ExtendedMessageFormatTest.checkBuiltInFormat(ExtendedMessageFormatTest.java:326)
	at org.apache.commons.lang3.text.ExtendedMessageFormatTest.testOverriddenBuiltinFormat(ExtendedMessageFormatTest.java:234)
</error>
  </testcase>
  <testcase classname="org.apache.commons.lang3.text.ExtendedMessageFormatTest" name="testBuiltInChoiceFormat" time="0.006">
    <error message="Cannot invoke &quot;org.apache.commons.lang3.JavaVersion.atLeast(org.apache.commons.lang3.JavaVersion)&quot; because &quot;org.apache.commons.lang3.SystemUtils.JAVA_SPECIFICATION_VERSION_AS_ENUM&quot; is null" type="java.lang.NullPointerException">java.lang.NullPointerException: Cannot invoke &quot;org.apache.commons.lang3.JavaVersion.atLeast(org.apache.commons.lang3.JavaVersion)&quot; because &quot;org.apache.commons.lang3.SystemUtils.JAVA_SPECIFICATION_VERSION_AS_ENUM&quot; is null
	at org.apache.commons.lang3.SystemUtils.isJavaVersionAtLeast(SystemUtils.java:1388)
	at org.apache.commons.lang3.text.ExtendedMessageFormatTest.assertPatternsEqual(ExtendedMessageFormatTest.java:361)
	at org.apache.commons.lang3.text.ExtendedMessageFormatTest.checkBuiltInFormat(ExtendedMessageFormatTest.java:356)
	at org.apache.commons.lang3.text.ExtendedMessageFormatTest.checkBuiltInFormat(ExtendedMessageFormatTest.java:326)
	at org.apache.commons.lang3.text.ExtendedMessageFormatTest.checkBuiltInFormat(ExtendedMessageFormatTest.java:315)
	at org.apache.commons.lang3.text.ExtendedMessageFormatTest.testBuiltInChoiceFormat(ExtendedMessageFormatTest.java:192)
</error>
  </testcase>
  <testcase classname="org.apache.commons.lang3.text.ExtendedMessageFormatTest" name="testEscapedQuote_LANG_477" time="0"/>
  <testcase classname="org.apache.commons.lang3.text.ExtendedMessageFormatTest" name="testExtendedFormats" time="0">
    <error message="Cannot invoke &quot;org.apache.commons.lang3.JavaVersion.atLeast(org.apache.commons.lang3.JavaVersion)&quot; because &quot;org.apache.commons.lang3.SystemUtils.JAVA_SPECIFICATION_VERSION_AS_ENUM&quot; is null" type="java.lang.NullPointerException">java.lang.NullPointerException: Cannot invoke &quot;org.apache.commons.lang3.JavaVersion.atLeast(org.apache.commons.lang3.JavaVersion)&quot; because &quot;org.apache.commons.lang3.SystemUtils.JAVA_SPECIFICATION_VERSION_AS_ENUM&quot; is null
	at org.apache.commons.lang3.SystemUtils.isJavaVersionAtLeast(SystemUtils.java:1388)
	at org.apache.commons.lang3.text.ExtendedMessageFormatTest.assertPatternsEqual(ExtendedMessageFormatTest.java:361)
	at org.apache.commons.lang3.text.ExtendedMessageFormatTest.testExtendedFormats(ExtendedMessageFormatTest.java:64)
</error>
  </testcase>
  <testcase classname="org.apache.commons.lang3.text.ExtendedMessageFormatTest" name="testExtendedAndBuiltInFormats" time="0.018">
    <error message="Cannot invoke &quot;org.apache.commons.lang3.JavaVersion.atLeast(org.apache.commons.lang3.JavaVersion)&quot; because &quot;org.apache.commons.lang3.SystemUtils.JAVA_SPECIFICATION_VERSION_AS_ENUM&quot; is null" type="java.lang.NullPointerException">java.lang.NullPointerException: Cannot invoke &quot;org.apache.commons.lang3.JavaVersion.atLeast(org.apache.commons.lang3.JavaVersion)&quot; because &quot;org.apache.commons.lang3.SystemUtils.JAVA_SPECIFICATION_VERSION_AS_ENUM&quot; is null
	at org.apache.commons.lang3.SystemUtils.isJavaVersionAtLeast(SystemUtils.java:1388)
	at org.apache.commons.lang3.text.ExtendedMessageFormatTest.assertPatternsEqual(ExtendedMessageFormatTest.java:361)
	at org.apache.commons.lang3.text.ExtendedMessageFormatTest.testExtendedAndBuiltInFormats(ExtendedMessageFormatTest.java:121)
</error>
  </testcase>
  <testcase classname="org.apache.commons.lang3.text.ExtendedMessageFormatTest" name="testBuiltInNumberFormat" time="0">
    <error message="Cannot invoke &quot;org.apache.commons.lang3.JavaVersion.atLeast(org.apache.commons.lang3.JavaVersion)&quot; because &quot;org.apache.commons.lang3.SystemUtils.JAVA_SPECIFICATION_VERSION_AS_ENUM&quot; is null" type="java.lang.NullPointerException">java.lang.NullPointerException: Cannot invoke &quot;org.apache.commons.lang3.JavaVersion.atLeast(org.apache.commons.lang3.JavaVersion)&quot; because &quot;org.apache.commons.lang3.SystemUtils.JAVA_SPECIFICATION_VERSION_AS_ENUM&quot; is null
	at org.apache.commons.lang3.SystemUtils.isJavaVersionAtLeast(SystemUtils.java:1388)
	at org.apache.commons.lang3.text.ExtendedMessageFormatTest.assertPatternsEqual(ExtendedMessageFormatTest.java:361)
	at org.apache.commons.lang3.text.ExtendedMessageFormatTest.checkBuiltInFormat(ExtendedMessageFormatTest.java:356)
	at org.apache.commons.lang3.text.ExtendedMessageFormatTest.checkBuiltInFormat(ExtendedMessageFormatTest.java:326)
	at org.apache.commons.lang3.text.ExtendedMessageFormatTest.checkBuiltInFormat(ExtendedMessageFormatTest.java:315)
	at org.apache.commons.lang3.text.ExtendedMessageFormatTest.testBuiltInNumberFormat(ExtendedMessageFormatTest.java:258)
</error>
  </testcase>
</testsuite>