<?xml version="1.0" encoding="UTF-8" ?>
<testsuite tests="48" failures="0" name="org.apache.commons.lang3.builder.CompareToBuilderTest" time="0.017" errors="0" skipped="0">
  <properties>
[...]
</properties>
  <testcase classname="org.apache.commons.lang3.builder.CompareToBuilderTest" name="testCharArray" time="0"/>
  <testcase classname="org.apache.commons.lang3.builder.CompareToBuilderTest" name="testObjectArray" time="0.003"/>
  <testcase classname="org.apache.commons.lang3.builder.CompareToBuilderTest" name="testObjectBuild" time="0"/>
  <testcase classname="org.apache.commons.lang3.builder.CompareToBuilderTest" name="testFloatArray" time="0"/>
  <testcase classname="org.apache.commons.lang3.builder.CompareToBuilderTest" name="testReflectionHierarchyCompareExcludeFields" time="0.006"/>
  <testcase classname="org.apache.commons.lang3.builder.CompareToBuilderTest" name="testObjectComparatorNull" time="0"/>
  <testcase classname="org.apache.commons.lang3.builder.CompareToBuilderTest" name="testReflectionHierarchyCompare" time="0.001"/>
  <testcase classname="org.apache.commons.lang3.builder.CompareToBuilderTest" name="testMultiCharArray" time="0"/>
  <testcase classname="org.apache.commons.lang3.builder.CompareToBuilderTest" name="testByteArrayHiddenByObject" time="0"/>
  <testcase classname="org.apache.commons.lang3.builder.CompareToBuilderTest" name="testInt" time="0"/>
  <testcase classname="org.apache.commons.lang3.builder.CompareToBuilderTest" name="testByteArray" time="0"/>
  <testcase classname="org.apache.commons.lang3.builder.CompareToBuilderTest" name="testRaggedArray" time="0"/>
  <testcase classname="org.apache.commons.lang3.builder.CompareToBuilderTest" name="testFloat" time="0"/>
  <testcase classname="org.apache.commons.lang3.builder.CompareToBuilderTest" name="testShort" time="0"/>
  <testcase classname="org.apache.commons.lang3.builder.CompareToBuilderTest" name="testByte" time="0"/>
  <testcase classname="org.apache.commons.lang3.builder.CompareToBuilderTest" name="testChar" time="0"/>
  <testcase classname="org.apache.commons.lang3.builder.CompareToBuilderTest" name="testLong" time="0"/>
  <testcase classname="org.apache.commons.lang3.builder.CompareToBuilderTest" name="testReflectionCompare" time="0"/>
  <testcase classname="org.apache.commons.lang3.builder.CompareToBuilderTest" name="testObjectArrayHiddenByObject" time="0"/>
  <testcase classname="org.apache.commons.lang3.builder.CompareToBuilderTest" name="testShortArrayHiddenByObject" time="0"/>
  <testcase classname="org.apache.commons.lang3.builder.CompareToBuilderTest" name="testMultiByteArray" time="0"/>
  <testcase classname="org.apache.commons.lang3.builder.CompareToBuilderTest" name="testMultiBooleanArray" time="0"/>
  <testcase classname="org.apache.commons.lang3.builder.CompareToBuilderTest" name="testReflectionCompareEx1" time="0"/>
  <testcase classname="org.apache.commons.lang3.builder.CompareToBuilderTest" name="testReflectionCompareEx2" time="0.001"/>
  <testcase classname="org.apache.commons.lang3.builder.CompareToBuilderTest" name="testLongArrayHiddenByObject" time="0"/>
  <testcase classname="org.apache.commons.lang3.builder.CompareToBuilderTest" name="testObjectEx2" time="0"/>
  <testcase classname="org.apache.commons.lang3.builder.CompareToBuilderTest" name="testCharArrayHiddenByObject" time="0"/>
  <testcase classname="org.apache.commons.lang3.builder.CompareToBuilderTest" name="testMultiFloatArray" time="0"/>
  <testcase classname="org.apache.commons.lang3.builder.CompareToBuilderTest" name="testMixedArray" time="0"/>
  <testcase classname="org.apache.commons.lang3.builder.CompareToBuilderTest" name="testBoolean" time="0"/>
  <testcase classname="org.apache.commons.lang3.builder.CompareToBuilderTest" name="testMultiIntArray" time="0"/>
  <testcase classname="org.apache.commons.lang3.builder.CompareToBuilderTest" name="testBooleanArray" time="0"/>
  <testcase classname="org.apache.commons.lang3.builder.CompareToBuilderTest" name="testBooleanArrayHiddenByObject" time="0"/>
  <testcase classname="org.apache.commons.lang3.builder.CompareToBuilderTest" name="testIntArrayHiddenByObject" time="0"/>
  <testcase classname="org.apache.commons.lang3.builder.CompareToBuilderTest" name="testLongArray" time="0"/>
  <testcase classname="org.apache.commons.lang3.builder.CompareToBuilderTest" name="testReflectionHierarchyCompareTransients" time="0.006"/>
  <testcase classname="org.apache.commons.lang3.builder.CompareToBuilderTest" name="testShortArray" time="0"/>
  <testcase classname="org.apache.commons.lang3.builder.CompareToBuilderTest" name="testMultiLongArray" time="0"/>
  <testcase classname="org.apache.commons.lang3.builder.CompareToBuilderTest" name="testFloatArrayHiddenByObject" time="0"/>
  <testcase classname="org.apache.commons.lang3.builder.CompareToBuilderTest" name="testIntArray" time="0"/>
  <testcase classname="org.apache.commons.lang3.builder.CompareToBuilderTest" name="testObjectComparator" time="0"/>
  <testcase classname="org.apache.commons.lang3.builder.CompareToBuilderTest" name="testDouble" time="0"/>
  <testcase classname="org.apache.commons.lang3.builder.CompareToBuilderTest" name="testDoubleArrayHiddenByObject" time="0"/>
  <testcase classname="org.apache.commons.lang3.builder.CompareToBuilderTest" name="testObject" time="0"/>
  <testcase classname="org.apache.commons.lang3.builder.CompareToBuilderTest" name="testMultiDoubleArray" time="0"/>
  <testcase classname="org.apache.commons.lang3.builder.CompareToBuilderTest" name="testAppendSuper" time="0"/>
  <testcase classname="org.apache.commons.lang3.builder.CompareToBuilderTest" name="testMultiShortArray" time="0"/>
  <testcase classname="org.apache.commons.lang3.builder.CompareToBuilderTest" name="testDoubleArray" time="0"/>
</testsuite>