<?xml version="1.0" encoding="UTF-8" ?>
<testsuite tests="12" failures="0" name="org.apache.commons.lang3.text.WordUtilsTest" time="0" errors="0" skipped="0">
  <properties>
[...]
</properties>
  <testcase classname="org.apache.commons.lang3.text.WordUtilsTest" name="testCapitalizeWithDelimiters_String" time="0"/>
  <testcase classname="org.apache.commons.lang3.text.WordUtilsTest" name="testUncapitalize_String" time="0"/>
  <testcase classname="org.apache.commons.lang3.text.WordUtilsTest" name="testWrap_StringIntStringBoolean" time="0"/>
  <testcase classname="org.apache.commons.lang3.text.WordUtilsTest" name="testCapitalize_String" time="0"/>
  <testcase classname="org.apache.commons.lang3.text.WordUtilsTest" name="testCapitalizeFully_String" time="0"/>
  <testcase classname="org.apache.commons.lang3.text.WordUtilsTest" name="testWrap_StringInt" time="0"/>
  <testcase classname="org.apache.commons.lang3.text.WordUtilsTest" name="testInitials_String_charArray" time="0"/>
  <testcase classname="org.apache.commons.lang3.text.WordUtilsTest" name="testUncapitalizeWithDelimiters_String" time="0"/>
  <testcase classname="org.apache.commons.lang3.text.WordUtilsTest" name="testInitials_String" time="0"/>
  <testcase classname="org.apache.commons.lang3.text.WordUtilsTest" name="testCapitalizeFullyWithDelimiters_String" time="0"/>
  <testcase classname="org.apache.commons.lang3.text.WordUtilsTest" name="testSwapCase_String" time="0"/>
  <testcase classname="org.apache.commons.lang3.text.WordUtilsTest" name="testConstructor" time="0"/>
</testsuite>